#
# There is insufficient memory for the Java Runtime Environment to continue.
# Native memory allocation (mmap) failed to map 3112960 bytes for Failed to commit area from 0x0000023999340000 to 0x0000023999638000 of length 3112960.
# Possible reasons:
#   The system is out of physical RAM or swap space
#   The process is running with CompressedOops enabled, and the Java Heap may be blocking the growth of the native heap
# Possible solutions:
#   Reduce memory load on the system
#   Increase physical memory or swap space
#   Check if swap backing store is full
#   Decrease Java heap size (-Xmx/-Xms)
#   Decrease number of Java threads
#   Decrease Java thread stack sizes (-Xss)
#   Set larger code cache with -XX:ReservedCodeCacheSize=
#   JVM is running with Zero Based Compressed Oops mode in which the Java heap is
#     placed in the first 32GB address space. The Java Heap base address is the
#     maximum limit for the native heap growth. Please use -XX:HeapBaseMinAddress
#     to set the Java Heap base and to place the Java Heap above 32GB virtual address.
# This output file may be truncated or incomplete.
#
#  Out of Memory Error (./open/src/hotspot/os/windows/os_windows.cpp:3315), pid=21224, tid=20920
#
# JRE version:  (14.0.1+7) (build )
# Java VM: Java HotSpot(TM) 64-Bit Server VM (14.0.1+7, mixed mode, sharing, tiered, compressed oops, g1 gc, windows-amd64)
# No core dump will be written. Minidumps are not enabled by default on client versions of Windows
#

---------------  S U M M A R Y ------------

Command Line: -Dfile.encoding=MS950 -XX:+ShowCodeDetailsInExceptionMessages finalproject_2048.Main

Host: Intel(R) Core(TM) i5-8265U CPU @ 1.60GHz, 8 cores, 11G,  Windows 10 , 64 bit Build 19041 (10.0.19041.928)
Time: Fri May 21 11:41:06 2021 台北標準時間 elapsed time: 0 seconds (0d 0h 0m 0s)

---------------  T H R E A D  ---------------

Current thread (0x00000239f7877000):  JavaThread "Unknown thread" [_thread_in_vm, id=20920, stack(0x0000003b28f00000,0x0000003b29000000)]

Stack: [0x0000003b28f00000,0x0000003b29000000]
Native frames: (J=compiled Java code, j=interpreted, Vv=VM code, C=native code)
V  [jvm.dll+0x5f840a]
V  [jvm.dll+0x741e4a]
V  [jvm.dll+0x7435ff]
V  [jvm.dll+0x743c43]
V  [jvm.dll+0x20d288]
V  [jvm.dll+0x5f57ba]
V  [jvm.dll+0x5ea615]
V  [jvm.dll+0x2c7e9c]
V  [jvm.dll+0x2c7cd2]
V  [jvm.dll+0x2cdbbc]
V  [jvm.dll+0x31400b]
V  [jvm.dll+0x313720]
V  [jvm.dll+0x2a092a]
V  [jvm.dll+0x2a1a79]
V  [jvm.dll+0x71f718]
V  [jvm.dll+0x321c44]
V  [jvm.dll+0x700b0c]
V  [jvm.dll+0x392dff]
V  [jvm.dll+0x394e71]
C  [jli.dll+0x523b]
C  [ucrtbase.dll+0x21bb2]
C  [KERNEL32.DLL+0x17034]
C  [ntdll.dll+0x52651]


---------------  P R O C E S S  ---------------

Threads class SMR info:
_java_thread_list=0x00007ffc4bd03078, length=0, elements={
}

Java Threads: ( => current thread )

Other Threads:
  0x00000239f78ce000 GCTaskThread "GC Thread#0" [stack: 0x0000003b29000000,0x0000003b29100000] [id=13248]
  0x00000239f78e7800 ConcurrentGCThread "G1 Main Marker" [stack: 0x0000003b29100000,0x0000003b29200000] [id=18524]
  0x00000239f78ea000 ConcurrentGCThread "G1 Conc#0" [stack: 0x0000003b29200000,0x0000003b29300000] [id=12548]

[error occurred during error reporting (printing all threads), id 0xc0000005, EXCEPTION_ACCESS_VIOLATION (0xc0000005) at pc=0x00007ffc4b531257]

VM state:not at safepoint (not fully initialized)

VM Mutex/Monitor currently owned by a thread:  ([mutex/lock_event])
[0x00000239f7873120] Heap_lock - owner thread: 0x00000239f7877000

Heap address: 0x0000000742400000, size: 3036 MB, Compressed Oops mode: Zero based, Oop shift amount: 3
Narrow klass base: 0x0000000000000000, Narrow klass shift: 0

GC Heap History (0 events):
No events

Deoptimization events (0 events):
No events

Classes unloaded (0 events):
No events

Classes redefined (0 events):
No events

Internal exceptions (0 events):
No events

Events (2 events):
Event: 0.008 Loaded shared library C:\Program Files\Java\jdk-14.0.1\bin\java.dll
Event: 0.009 Loaded shared library C:\Program Files\Java\jdk-14.0.1\bin\zip.dll


Dynamic libraries:
0x00007ff6e5ff0000 - 0x00007ff6e5fff000 	C:\Program Files\Java\jdk-14.0.1\bin\javaw.exe
0x00007ffc94510000 - 0x00007ffc94705000 	C:\WINDOWS\SYSTEM32\ntdll.dll
0x00007ffc92ff0000 - 0x00007ffc930ad000 	C:\WINDOWS\System32\KERNEL32.DLL
0x00007ffc920a0000 - 0x00007ffc92368000 	C:\WINDOWS\System32\KERNELBASE.dll
0x00007ffc91ca0000 - 0x00007ffc91da0000 	C:\WINDOWS\System32\ucrtbase.dll
0x00007ffc89ab0000 - 0x00007ffc89ac8000 	C:\Program Files\Java\jdk-14.0.1\bin\jli.dll
0x00007ffc89ad0000 - 0x00007ffc89ae5000 	C:\Program Files\Java\jdk-14.0.1\bin\VCRUNTIME140.dll
0x00007ffc943c0000 - 0x00007ffc9446c000 	C:\WINDOWS\System32\ADVAPI32.dll
0x00007ffc93890000 - 0x00007ffc9392e000 	C:\WINDOWS\System32\msvcrt.dll
0x00007ffc93930000 - 0x00007ffc939cb000 	C:\WINDOWS\System32\sechost.dll
0x00007ffc93af0000 - 0x00007ffc93c1b000 	C:\WINDOWS\System32\RPCRT4.dll
0x00007ffc93c50000 - 0x00007ffc93df0000 	C:\WINDOWS\System32\USER32.dll
0x00007ffc91eb0000 - 0x00007ffc91ed2000 	C:\WINDOWS\System32\win32u.dll
0x00007ffc7c110000 - 0x00007ffc7c3aa000 	C:\WINDOWS\WinSxS\amd64_microsoft.windows.common-controls_6595b64144ccf1df_6.0.19041.844_none_ca00b6081b84eb1d\COMCTL32.dll
0x00007ffc93c20000 - 0x00007ffc93c4a000 	C:\WINDOWS\System32\GDI32.dll
0x00007ffc91f60000 - 0x00007ffc9206b000 	C:\WINDOWS\System32\gdi32full.dll
0x00007ffc924d0000 - 0x00007ffc9256d000 	C:\WINDOWS\System32\msvcp_win.dll
0x00007ffc8a400000 - 0x00007ffc8a40a000 	C:\WINDOWS\SYSTEM32\VERSION.dll
0x00007ffc925f0000 - 0x00007ffc92620000 	C:\WINDOWS\System32\IMM32.DLL
0x00007ffc898d0000 - 0x00007ffc8996b000 	C:\Program Files\Java\jdk-14.0.1\bin\msvcp140.dll
0x00007ffc4b280000 - 0x00007ffc4bd9e000 	C:\Program Files\Java\jdk-14.0.1\bin\server\jvm.dll
0x00007ffc92cb0000 - 0x00007ffc92cb8000 	C:\WINDOWS\System32\PSAPI.DLL
0x00007ffc8b800000 - 0x00007ffc8b809000 	C:\WINDOWS\SYSTEM32\WSOCK32.dll
0x00007ffc70450000 - 0x00007ffc70477000 	C:\WINDOWS\SYSTEM32\WINMM.dll
0x00007ffc92c40000 - 0x00007ffc92cab000 	C:\WINDOWS\System32\WS2_32.dll
0x00007ffc90550000 - 0x00007ffc90562000 	C:\WINDOWS\SYSTEM32\kernel.appcore.dll
0x00007ffc8b7e0000 - 0x00007ffc8b7ea000 	C:\Program Files\Java\jdk-14.0.1\bin\jimage.dll
0x00007ffc8faa0000 - 0x00007ffc8fc84000 	C:\WINDOWS\SYSTEM32\DBGHELP.DLL
0x00007ffc7a4a0000 - 0x00007ffc7a4cc000 	C:\WINDOWS\SYSTEM32\dbgcore.DLL
0x00007ffc91ee0000 - 0x00007ffc91f60000 	C:\WINDOWS\System32\bcryptPrimitives.dll
0x00007ffc7fb90000 - 0x00007ffc7fbb5000 	C:\Program Files\Java\jdk-14.0.1\bin\java.dll
0x00007ffc84460000 - 0x00007ffc84476000 	C:\Program Files\Java\jdk-14.0.1\bin\zip.dll

dbghelp: loaded successfully - version: 4.0.5 - missing functions: none
symbol engine: initialized successfully - sym options: 0x614 - pdb path: .;C:\Program Files\Java\jdk-14.0.1\bin;C:\WINDOWS\SYSTEM32;C:\WINDOWS\WinSxS\amd64_microsoft.windows.common-controls_6595b64144ccf1df_6.0.19041.844_none_ca00b6081b84eb1d;C:\Program Files\Java\jdk-14.0.1\bin\server

VM Arguments:
jvm_args: -Dfile.encoding=MS950 -XX:+ShowCodeDetailsInExceptionMessages 
java_command: finalproject_2048.Main
java_class_path (initial): D:\eclipse-workspace\finalproject_2048\bin
Launcher Type: SUN_STANDARD

[Global flags]
     intx CICompilerCount                          = 4                                         {product} {ergonomic}
     uint ConcGCThreads                            = 2                                         {product} {ergonomic}
     uint G1ConcRefinementThreads                  = 8                                         {product} {ergonomic}
   size_t G1HeapRegionSize                         = 1048576                                   {product} {ergonomic}
    uintx GCDrainStackTargetSize                   = 64                                        {product} {ergonomic}
   size_t InitialHeapSize                          = 199229440                                 {product} {ergonomic}
   size_t MarkStackSize                            = 4194304                                   {product} {ergonomic}
   size_t MaxHeapSize                              = 3183476736                                {product} {ergonomic}
   size_t MinHeapDeltaBytes                        = 1048576                                   {product} {ergonomic}
   size_t MinHeapSize                              = 8388608                                   {product} {ergonomic}
    uintx NonNMethodCodeHeapSize                   = 5839372                                {pd product} {ergonomic}
    uintx NonProfiledCodeHeapSize                  = 122909434                              {pd product} {ergonomic}
    uintx ProfiledCodeHeapSize                     = 122909434                              {pd product} {ergonomic}
    uintx ReservedCodeCacheSize                    = 251658240                              {pd product} {ergonomic}
     bool SegmentedCodeCache                       = true                                      {product} {ergonomic}
     bool ShowCodeDetailsInExceptionMessages       = true                                   {manageable} {command line}
   size_t SoftMaxHeapSize                          = 3183476736                             {manageable} {ergonomic}
     bool UseCompressedClassPointers               = true                                 {lp64_product} {ergonomic}
     bool UseCompressedOops                        = true                                 {lp64_product} {ergonomic}
     bool UseG1GC                                  = true                                      {product} {ergonomic}
     bool UseLargePagesIndividualAllocation        = false                                  {pd product} {ergonomic}

Logging:
Log output configuration:
 #0: stdout all=warning uptime,level,tags
 #1: stderr all=off uptime,level,tags

Environment Variables:
PATH=C:/Program Files/Java/jdk-14.0.1/bin/server;C:/Program Files/Java/jdk-14.0.1/bin;C:\Program Files (x86)\Common Files\Oracle\Java\javapath;C:\Program Files\Common Files\Oracle\Java\javapath;C:\Windows\system32;C:\Windows;C:\Windows\System32\Wbem;C:\Windows\System32\WindowsPowerShell\v1.0\;C:\Windows\System32\OpenSSH\;C:\Program Files (x86)\NVIDIA Corporation\PhysX\Common;C:\WINDOWS\system32;C:\WINDOWS;C:\WINDOWS\System32\Wbem;C:\WINDOWS\System32\WindowsPowerShell\v1.0\;C:\WINDOWS\System32\OpenSSH\;C:\Program Files\Git\cmd;C:\Program Files\MATLAB\R2020a\bin;C:\ctags;C:\gkwave;C:\Users\user\AppData\Local\Microsoft\WindowsApps;C:\Users\user\AppData\Local\Programs\Microsoft VS Code\bin;C:\intelFPGA\19.1\modelsim_ase\win32aloem;C:\Users\user\AppData\Local\GitHubDesktop\bin;;D:\iverilog\bin;D:\iverilog\gtkwave\bin;D:\;
USERNAME=user
OS=Windows_NT
PROCESSOR_IDENTIFIER=Intel64 Family 6 Model 142 Stepping 11, GenuineIntel



---------------  S Y S T E M  ---------------

OS: Windows 10 , 64 bit Build 19041 (10.0.19041.928)
OS uptime: 5 days 22:45 hours

CPU:total 8 (initial active 8) (4 cores per cpu, 2 threads per core) family 6 model 142 stepping 11, cmov, cx8, fxsr, mmx, sse, sse2, sse3, ssse3, sse4.1, sse4.2, popcnt, avx, avx2, aes, clmul, erms, 3dnowpref, lzcnt, ht, tsc, tscinvbit, bmi1, bmi2, adx, fma

Memory: 4k page, system-wide physical 12139M (5215M free)
TotalPageFile size 27259M (AvailPageFile size 5M)
current process WorkingSet (physical memory assigned to process): 10M, peak: 10M
current process commit charge ("private bytes"): 251M, peak: 253M

vm_info: Java HotSpot(TM) 64-Bit Server VM (14.0.1+7) for windows-amd64 JRE (14.0.1+7), built on Mar  5 2020 10:30:14 by "mach5one" with MS VC++ 15.9 (VS2017)

END.
